INFO:     Will watch for changes in these directories: ['/Users/yazh_7z7/Desktop/ProEx_Labs/ATS_Prototype_1/backend']
INFO:     Uvicorn running on http://127.0.0.1:8000 (Press CTRL+C to quit)
INFO:     Started reloader process [49916] using WatchFiles
INFO:     Started server process [49919]
INFO:     Waiting for application startup.
2026-07-21 16:35:16 | INFO     | app.main:lifespan:38 - Starting ProEx Labs ATS v1.0.0 (development)
INFO:     Application startup complete.
INFO:     127.0.0.1:50171 - "GET /health HTTP/1.1" 200 OK
INFO:     127.0.0.1:50174 - "POST /api/v1/auth/login HTTP/1.1" 200 OK
INFO:     127.0.0.1:50176 - "GET /api/v1/candidates HTTP/1.1" 200 OK
INFO:     127.0.0.1:50205 - "POST /api/v1/auth/login HTTP/1.1" 200 OK
INFO:     127.0.0.1:50207 - "GET /api/v1/candidates/55842c09-5074-4028-be91-f8d910f860ff HTTP/1.1" 200 OK
INFO:     127.0.0.1:50209 - "GET /api/v1/stats HTTP/1.1" 200 OK
INFO:     127.0.0.1:50211 - "DELETE /api/v1/candidates/55842c09-5074-4028-be91-f8d910f860ff HTTP/1.1" 200 OK
INFO:     127.0.0.1:50213 - "GET /api/v1/candidates/55842c09-5074-4028-be91-f8d910f860ff HTTP/1.1" 404 Not Found
INFO:     127.0.0.1:50225 - "POST /api/v1/auth/login HTTP/1.1" 200 OK
INFO:     127.0.0.1:50227 - "GET /api/v1/candidates HTTP/1.1" 200 OK
WARNING:  WatchFiles detected changes in 'app/schemas/duplicate.py'. Reloading...
INFO:     Shutting down
INFO:     Waiting for application shutdown.
2026-07-21 17:35:19 | INFO     | app.main:lifespan:45 - Shutting down ProEx Labs ATS
INFO:     Application shutdown complete.
INFO:     Finished server process [49919]
INFO:     Started server process [51492]
INFO:     Waiting for application startup.
2026-07-21 17:35:20 | INFO     | app.main:lifespan:38 - Starting ProEx Labs ATS v1.0.0 (development)
INFO:     Application startup complete.
WARNING:  WatchFiles detected changes in 'app/models/duplicate_flag.py'. Reloading...
INFO:     Shutting down
INFO:     Waiting for application shutdown.
2026-07-21 17:36:24 | INFO     | app.main:lifespan:45 - Shutting down ProEx Labs ATS
INFO:     Application shutdown complete.
INFO:     Finished server process [51492]
INFO:     Started server process [51539]
INFO:     Waiting for application startup.
2026-07-21 17:36:24 | INFO     | app.main:lifespan:38 - Starting ProEx Labs ATS v1.0.0 (development)
INFO:     Application startup complete.
WARNING:  WatchFiles detected changes in 'app/models/duplicate_flag.py'. Reloading...
INFO:     Shutting down
INFO:     Waiting for application shutdown.
2026-07-21 17:36:58 | INFO     | app.main:lifespan:45 - Shutting down ProEx Labs ATS
INFO:     Application shutdown complete.
INFO:     Finished server process [51539]
INFO:     Started server process [51564]
INFO:     Waiting for application startup.
2026-07-21 17:36:58 | INFO     | app.main:lifespan:38 - Starting ProEx Labs ATS v1.0.0 (development)
INFO:     Application startup complete.
WARNING:  WatchFiles detected changes in 'app/services/duplicate_detector.py'. Reloading...
INFO:     Shutting down
INFO:     Waiting for application shutdown.
2026-07-21 17:39:07 | INFO     | app.main:lifespan:45 - Shutting down ProEx Labs ATS
INFO:     Application shutdown complete.
INFO:     Finished server process [51564]
INFO:     Started server process [51605]
INFO:     Waiting for application startup.
2026-07-21 17:39:08 | INFO     | app.main:lifespan:38 - Starting ProEx Labs ATS v1.0.0 (development)
INFO:     Application startup complete.
WARNING:  WatchFiles detected changes in 'app/repositories/duplicate_repository.py'. Reloading...
INFO:     Shutting down
INFO:     Waiting for application shutdown.
2026-07-21 17:40:03 | INFO     | app.main:lifespan:45 - Shutting down ProEx Labs ATS
INFO:     Application shutdown complete.
INFO:     Finished server process [51605]
INFO:     Started server process [51633]
INFO:     Waiting for application startup.
2026-07-21 17:40:03 | INFO     | app.main:lifespan:38 - Starting ProEx Labs ATS v1.0.0 (development)
INFO:     Application startup complete.
WARNING:  WatchFiles detected changes in 'app/services/duplicate_service.py'. Reloading...
INFO:     Shutting down
INFO:     Waiting for application shutdown.
2026-07-21 17:40:52 | INFO     | app.main:lifespan:45 - Shutting down ProEx Labs ATS
INFO:     Application shutdown complete.
INFO:     Finished server process [51633]
INFO:     Started server process [51662]
INFO:     Waiting for application startup.
2026-07-21 17:40:53 | INFO     | app.main:lifespan:38 - Starting ProEx Labs ATS v1.0.0 (development)
INFO:     Application startup complete.
WARNING:  WatchFiles detected changes in 'app/dependencies.py'. Reloading...
INFO:     Shutting down
INFO:     Waiting for application shutdown.
2026-07-21 17:41:26 | INFO     | app.main:lifespan:45 - Shutting down ProEx Labs ATS
INFO:     Application shutdown complete.
INFO:     Finished server process [51662]
INFO:     Started server process [51684]
INFO:     Waiting for application startup.
2026-07-21 17:41:27 | INFO     | app.main:lifespan:38 - Starting ProEx Labs ATS v1.0.0 (development)
INFO:     Application startup complete.
WARNING:  WatchFiles detected changes in 'app/routes/duplicates.py'. Reloading...
INFO:     Shutting down
INFO:     Waiting for application shutdown.
2026-07-21 17:42:26 | INFO     | app.main:lifespan:45 - Shutting down ProEx Labs ATS
INFO:     Application shutdown complete.
INFO:     Finished server process [51684]
INFO:     Started server process [51709]
INFO:     Waiting for application startup.
2026-07-21 17:42:26 | INFO     | app.main:lifespan:38 - Starting ProEx Labs ATS v1.0.0 (development)
INFO:     Application startup complete.
WARNING:  WatchFiles detected changes in 'app/main.py'. Reloading...
INFO:     Shutting down
INFO:     Waiting for application shutdown.
2026-07-21 17:42:53 | INFO     | app.main:lifespan:45 - Shutting down ProEx Labs ATS
INFO:     Application shutdown complete.
INFO:     Finished server process [51709]
INFO:     Started server process [51734]
INFO:     Waiting for application startup.
2026-07-21 17:42:54 | INFO     | app.main:lifespan:39 - Starting ProEx Labs ATS v1.0.0 (development)
INFO:     Application startup complete.
WARNING:  WatchFiles detected changes in 'app/main.py'. Reloading...
INFO:     Shutting down
INFO:     Waiting for application shutdown.
2026-07-21 17:43:08 | INFO     | app.main:lifespan:46 - Shutting down ProEx Labs ATS
INFO:     Application shutdown complete.
INFO:     Finished server process [51734]
INFO:     Started server process [51759]
INFO:     Waiting for application startup.
2026-07-21 17:43:09 | INFO     | app.main:lifespan:39 - Starting ProEx Labs ATS v1.0.0 (development)
INFO:     Application startup complete.
WARNING:  WatchFiles detected changes in 'app/routes/resumes.py'. Reloading...
INFO:     Shutting down
INFO:     Waiting for application shutdown.
2026-07-21 17:43:33 | INFO     | app.main:lifespan:46 - Shutting down ProEx Labs ATS
INFO:     Application shutdown complete.
INFO:     Finished server process [51759]
INFO:     Started server process [51786]
INFO:     Waiting for application startup.
2026-07-21 17:43:34 | INFO     | app.main:lifespan:39 - Starting ProEx Labs ATS v1.0.0 (development)
INFO:     Application startup complete.
INFO:     127.0.0.1:50474 - "POST /api/v1/auth/login HTTP/1.1" 200 OK
INFO:     Shutting down
INFO:     Waiting for application shutdown.
2026-07-21 17:45:47 | INFO     | app.main:lifespan:46 - Shutting down ProEx Labs ATS
INFO:     Application shutdown complete.
INFO:     Finished server process [51786]
INFO:     Stopping reloader process [49916]
